2026-04-28 15:18:25,510 [INFO] Connecting to MongoDB Atlas...
2026-04-28 15:18:25,888 [INFO] Querying documents from 'plants' collection...
2026-04-28 15:18:28,700 [INFO] Successfully retrieved 29910 documents.
2026-04-28 15:18:28,751 [INFO] Initializing modeling pipeline...
2026-04-28 15:18:28,767 [INFO] Training Random Forest Regressor...
2026-04-28 15:18:50,723 [INFO] Model training complete.
2026-04-28 15:18:51,168 [INFO] --- Pipeline Results ---
2026-04-28 15:18:51,170 [INFO] RMSE: 445.45 MW
2026-04-28 15:18:51,172 [INFO] R-squared: 0.2982
2026-04-28 15:18:51,262 [INFO] Generating publication-quality visualization...
2026-04-28 15:18:51,871 [INFO] Plot saved as 'publication_quality_results.png'.
2026-04-28 15:27:17,552 [INFO] Connecting to MongoDB Atlas...
2026-04-28 15:27:17,961 [INFO] Querying documents from 'plants' collection...
2026-04-28 15:27:20,693 [INFO] Successfully retrieved 29910 documents.
2026-04-28 15:27:20,767 [INFO] Initializing modeling pipeline...
2026-04-28 15:27:20,799 [INFO] Training Random Forest Regressor...
2026-04-28 15:27:42,211 [INFO] Model training complete.
2026-04-28 15:27:42,417 [INFO] --- Pipeline Results ---
2026-04-28 15:27:42,418 [INFO] RMSE: 445.45 MW, R-squared: 0.2982
2026-04-28 15:27:42,420 [INFO] Generating actual vs. predicted visualization...
2026-04-28 15:27:43,000 [INFO] Extracting feature importances...
